[02/08/2025 00:58:17.341]: Converting project file installer.wixproj...
[02/08/2025 00:58:19.316]: Converting file: D:\source\adisplayname\squid-windows\installer\Firewall.wxs...
[02/08/2025 00:58:19.324]: D:\source\adisplayname\squid-windows\installer\Firewall.wxs : information WIX0005: [Converted] This file contains an XML declaration on the first line. (DeclarationPresent)
[02/08/2025 00:58:19.324]: D:\source\adisplayname\squid-windows\installer\Firewall.wxs(1) : information WIX0009: [Converted] The namespace 'http://schemas.microsoft.com/wix/2006/wi' is out of date. It must be 'http://wixtoolset.org/schemas/v4/wxs'. (XmlnsValueWrong)
[02/08/2025 00:58:19.324]: D:\source\adisplayname\squid-windows\installer\Firewall.wxs(1) : information WIX0009: [Converted] The namespace 'http://schemas.microsoft.com/wix/FirewallExtension' is out of date. It must be 'http://wixtoolset.org/schemas/v4/wxs/firewall'. (XmlnsValueWrong)
[02/08/2025 00:58:19.324]: Converting file: D:\source\adisplayname\squid-windows\installer\Product.wxs...
[02/08/2025 00:58:19.326]: D:\source\adisplayname\squid-windows\installer\Product.wxs : information WIX0005: [Converted] This file contains an XML declaration on the first line. (DeclarationPresent)
[02/08/2025 00:58:19.326]: D:\source\adisplayname\squid-windows\installer\Product.wxs(1) : information WIX0009: [Converted] The namespace 'http://schemas.microsoft.com/wix/2006/wi' is out of date. It must be 'http://wixtoolset.org/schemas/v4/wxs'. (XmlnsValueWrong)
[02/08/2025 00:58:19.326]: D:\source\adisplayname\squid-windows\installer\Product.wxs(1) : information WIX0009: [Converted] The namespace 'http://schemas.microsoft.com/wix/UtilExtension' is out of date. It must be 'http://wixtoolset.org/schemas/v4/wxs/util'. (XmlnsValueWrong)
[02/08/2025 00:58:19.326]: D:\source\adisplayname\squid-windows\installer\Product.wxs(3) : information WIX0030: [Converted] The Product and Package elements have been renamed and reorganized for simplicity. (ProductAndPackageRenamed)
[02/08/2025 00:58:19.326]: D:\source\adisplayname\squid-windows\installer\Product.wxs(27) : information WIX0029: [Converted] The CustomAction attributes have been renamed from BinaryKey and FileKey to BinaryRef and FileRef. (CustomActionKeysAreNowRefs)
[02/08/2025 00:58:19.326]: D:\source\adisplayname\squid-windows\installer\Product.wxs(27) : information WIX0014: [Converted] The WixCA custom action DLL Binary table id has been renamed. Use the id 'Wix4UtilCA_X86' instead. (WixCABinaryIdRenamed)
[02/08/2025 00:58:19.326]: D:\source\adisplayname\squid-windows\installer\Product.wxs(32) : information WIX0029: [Converted] The CustomAction attributes have been renamed from BinaryKey and FileKey to BinaryRef and FileRef. (CustomActionKeysAreNowRefs)
[02/08/2025 00:58:19.326]: D:\source\adisplayname\squid-windows\installer\Product.wxs(32) : information WIX0014: [Converted] The WixCA custom action DLL Binary table id has been renamed. Use the id 'Wix4UtilCA_X86' instead. (WixCABinaryIdRenamed)
[02/08/2025 00:58:19.326]: D:\source\adisplayname\squid-windows\installer\Product.wxs(32) : information WIX0015: [Converted] The CAQuietExec and CAQuietExec64 custom action ids have been renamed. Use the ids 'WixQuietExec' and 'WixQuietExec64' instead. (QuietExecCustomActionsRenamed)
[02/08/2025 00:58:19.326]: D:\source\adisplayname\squid-windows\installer\Product.wxs(36) : information WIX0029: [Converted] The CustomAction attributes have been renamed from BinaryKey and FileKey to BinaryRef and FileRef. (CustomActionKeysAreNowRefs)
[02/08/2025 00:58:19.326]: D:\source\adisplayname\squid-windows\installer\Product.wxs(36) : information WIX0014: [Converted] The WixCA custom action DLL Binary table id has been renamed. Use the id 'Wix4UtilCA_X86' instead. (WixCABinaryIdRenamed)
[02/08/2025 00:58:19.326]: D:\source\adisplayname\squid-windows\installer\Product.wxs(36) : information WIX0015: [Converted] The CAQuietExec and CAQuietExec64 custom action ids have been renamed. Use the ids 'WixQuietExec' and 'WixQuietExec64' instead. (QuietExecCustomActionsRenamed)
[02/08/2025 00:58:19.326]: D:\source\adisplayname\squid-windows\installer\Product.wxs(42) : information WIX0022: [Converted] Using Custom element text is deprecated. Use the 'Condition' attribute instead. (InnerTextDeprecated)
[02/08/2025 00:58:19.326]: D:\source\adisplayname\squid-windows\installer\Product.wxs : information WIX0060: [Converted] UI, custom action, and property reference WixUI_InstallDir has been replaced with strongly-typed element. (ReferencesReplaced)
[02/08/2025 00:58:19.326]: D:\source\adisplayname\squid-windows\installer\Product.wxs(49) : information WIX0022: [Converted] Using Publish element text is deprecated. Use the 'Condition' attribute instead. (InnerTextDeprecated)
[02/08/2025 00:58:19.326]: D:\source\adisplayname\squid-windows\installer\Product.wxs : information WIX0022: [Converted] Using Condition element text is deprecated. Use the 'Launch' element instead. (InnerTextDeprecated)
[02/08/2025 00:58:19.326]: D:\source\adisplayname\squid-windows\installer\Product.wxs : information WIX0022: [Converted] Using Condition element text is deprecated. Use the 'Launch' element instead. (InnerTextDeprecated)
[02/08/2025 00:58:19.326]: D:\source\adisplayname\squid-windows\installer\Product.wxs : information WIX0022: [Converted] Using Condition element text is deprecated. Use the 'Launch' element instead. (InnerTextDeprecated)
[02/08/2025 00:58:19.326]: D:\source\adisplayname\squid-windows\installer\Product.wxs : information WIX0022: [Converted] Using Condition element text is deprecated. Use the 'Launch' element instead. (InnerTextDeprecated)
[02/08/2025 00:58:19.326]: D:\source\adisplayname\squid-windows\installer\Product.wxs : information WIX0058: [Converted] The TARGETDIR directory should no longer be explicitly defined. Remove the Directory element with Id attribute 'TARGETDIR'. (TargetDirDeprecated)
[02/08/2025 00:58:19.326]: D:\source\adisplayname\squid-windows\installer\Product.wxs(80) : information WIX0059: [Converted] Standard directories such as 'DesktopFolder' should no longer be defined using the Directory element. Use the StandardDirectory element instead. (DefiningStandardDirectoryDeprecated)
[02/08/2025 00:58:19.326]: Converting file: D:\source\adisplayname\squid-windows\installer\SquidRegistry.wxs...
[02/08/2025 00:58:19.326]: D:\source\adisplayname\squid-windows\installer\SquidRegistry.wxs : information WIX0005: [Converted] This file contains an XML declaration on the first line. (DeclarationPresent)
[02/08/2025 00:58:19.326]: D:\source\adisplayname\squid-windows\installer\SquidRegistry.wxs(1) : information WIX0009: [Converted] The namespace 'http://schemas.microsoft.com/wix/2006/wi' is out of date. It must be 'http://wixtoolset.org/schemas/v4/wxs'. (XmlnsValueWrong)
[02/08/2025 00:58:19.326]: Converting file: D:\source\adisplayname\squid-windows\installer\SquidResourceFiles.wxs...
[02/08/2025 00:58:19.471]: D:\source\adisplayname\squid-windows\installer\SquidResourceFiles.wxs : information WIX0005: [Converted] This file contains an XML declaration on the first line. (DeclarationPresent)
[02/08/2025 00:58:19.471]: D:\source\adisplayname\squid-windows\installer\SquidResourceFiles.wxs(1) : information WIX0009: [Converted] The namespace 'http://schemas.microsoft.com/wix/2006/wi' is out of date. It must be 'http://wixtoolset.org/schemas/v4/wxs'. (XmlnsValueWrong)
[02/08/2025 00:58:19.471]: Converting file: D:\source\adisplayname\squid-windows\installer\SquidService.wxs...
[02/08/2025 00:58:19.471]: D:\source\adisplayname\squid-windows\installer\SquidService.wxs : information WIX0005: [Converted] This file contains an XML declaration on the first line. (DeclarationPresent)
[02/08/2025 00:58:19.472]: D:\source\adisplayname\squid-windows\installer\SquidService.wxs(1) : information WIX0009: [Converted] The namespace 'http://schemas.microsoft.com/wix/2006/wi' is out of date. It must be 'http://wixtoolset.org/schemas/v4/wxs'. (XmlnsValueWrong)
[02/08/2025 00:58:19.472]: Converting file: D:\source\adisplayname\squid-windows\installer\SquidTray.wxs...
[02/08/2025 00:58:19.472]: D:\source\adisplayname\squid-windows\installer\SquidTray.wxs : information WIX0005: [Converted] This file contains an XML declaration on the first line. (DeclarationPresent)
[02/08/2025 00:58:19.472]: D:\source\adisplayname\squid-windows\installer\SquidTray.wxs(1) : information WIX0009: [Converted] The namespace 'http://schemas.microsoft.com/wix/2006/wi' is out of date. It must be 'http://wixtoolset.org/schemas/v4/wxs'. (XmlnsValueWrong)
[02/08/2025 00:58:19.473]: ---- Project installer: Converted 6 files.
[02/08/2025 00:58:19.473]: ---- Total time: 02.144
[02/08/2025 00:58:19.473]: ========== Import complete:  0 errors, 0 warnings
